{"/home/chapel/Projects/kynetic-bot/packages/core/src/test-utils/index.ts": {"path":"/home/chapel/Projects/kynetic-bot/packages/core/src/test-utils/index.ts","statementMap":{"0":{"start":{"line":8,"column":21},"end":{"line":9,"column":null}},"1":{"start":{"line":9,"column":2},"end":{"line":9,"column":null}},"2":{"start":{"line":9,"column":27},"end":{"line":9,"column":50}}},"fnMap":{"0":{"name":"(anonymous_0)","decl":{"start":{"line":8,"column":21},"end":{"line":8,"column":22}},"loc":{"start":{"line":9,"column":2},"end":{"line":9,"column":null}},"line":9},"1":{"name":"(anonymous_1)","decl":{"start":{"line":9,"column":14},"end":{"line":9,"column":15}},"loc":{"start":{"line":9,"column":27},"end":{"line":9,"column":50}},"line":9}},"branchMap":{},"s":{"0":1,"1":1,"2":1},"f":{"0":1,"1":1},"b":{},"meta":{"lastBranch":0,"lastFunction":2,"lastStatement":3,"seen":{"s:8:21:9:Infinity":0,"f:8:21:8:22":0,"s:9:2:9:Infinity":1,"f:9:14:9:15":1,"s:9:27:9:50":2}}}
}
